# JRE version: OpenJDK Runtime Environment (21.0.6) (build 21.0.6+-13391695-b895.109)
# Java VM: OpenJDK 64-Bit Server VM (21.0.6+-13391695-b895.109, mixed mode, tiered, compressed oops, compressed class ptrs, g1 gc, linux-amd64)
GC Precious Log:
 CardTable entry size: 512
 Card Set container configuration: InlinePtr #cards 5 size 8 Array Of Cards #cards 12 size 40 Howl #buckets 4 coarsen threshold 1843 Howl Bitmap #cards 512 size 80 coarsen threshold 460 Card regions per heap region 1 cards per card region 2048
 CPUs: 12 total, 12 available
 Memory: 32011M
 Large Page Support: Disabled
 NUMA Support: Disabled
 Compressed Oops: Enabled (32-bit)
 Heap Region Size: 1M
 Heap Min Capacity: 8M
 Heap Initial Capacity: 502M
 Heap Max Capacity: 2G
 Pre-touch: Disabled
 Parallel Workers: 10
 Concurrent Workers: 3
 Concurrent Refinement Workers: 10
 Periodic GC: Disabled
Heap:
 garbage-first heap   total 268288K, used 240377K [0x0000000080000000, 0x0000000100000000)
  region size 1024K, 85 young (87040K), 11 survivors (11264K)
 Metaspace       used 123401K, committed 125696K, reserved 1179648K
  class space    used 16922K, committed 18112K, reserved 1048576K
GC Heap History (20 events):
Event: 11.393 GC heap before
{Heap before GC invocations=13 (full 0):
 garbage-first heap   total 263168K, used 245059K [0x0000000080000000, 0x0000000100000000)
  region size 1024K, 150 young (153600K), 6 survivors (6144K)
 Metaspace       used 70378K, committed 72064K, reserved 1114112K
  class space    used 9543K, committed 10368K, reserved 1048576K
}
Event: 11.408 GC heap after
{Heap after GC invocations=14 (full 0):
 garbage-first heap   total 263168K, used 104928K [0x0000000080000000, 0x0000000100000000)
  region size 1024K, 15 young (15360K), 15 survivors (15360K)
 Metaspace       used 70378K, committed 72064K, reserved 1114112K
  class space    used 9543K, committed 10368K, reserved 1048576K
}
Event: 15.416 GC heap before
{Heap before GC invocations=14 (full 0):
 garbage-first heap   total 263168K, used 230880K [0x0000000080000000, 0x0000000100000000)
  region size 1024K, 139 young (142336K), 15 survivors (15360K)
 Metaspace       used 87297K, committed 89152K, reserved 1179648K
  class space    used 11947K, committed 12864K, reserved 1048576K
}
Event: 15.458 GC heap after
{Heap after GC invocations=15 (full 0):
 garbage-first heap   total 263168K, used 114491K [0x0000000080000000, 0x0000000100000000)
  region size 1024K, 18 young (18432K), 18 survivors (18432K)
 Metaspace       used 87297K, committed 89152K, reserved 1179648K
  class space    used 11947K, committed 12864K, reserved 1048576K
}
Event: 16.467 GC heap before
{Heap before GC invocations=15 (full 0):
 garbage-first heap   total 263168K, used 228155K [0x0000000080000000, 0x0000000100000000)
  region size 1024K, 130 young (133120K), 18 survivors (18432K)
 Metaspace       used 87965K, committed 89856K, reserved 1179648K
  class space    used 11961K, committed 12864K, reserved 1048576K
}
Event: 16.481 GC heap after
{Heap after GC invocations=16 (full 0):
 garbage-first heap   total 263168K, used 119712K [0x0000000080000000, 0x0000000100000000)
  region size 1024K, 8 young (8192K), 8 survivors (8192K)
 Metaspace       used 87965K, committed 89856K, reserved 1179648K
  class space    used 11961K, committed 12864K, reserved 1048576K
}
Event: 17.888 GC heap before
{Heap before GC invocations=17 (full 0):
 garbage-first heap   total 263168K, used 246688K [0x0000000080000000, 0x0000000100000000)
  region size 1024K, 122 young (124928K), 8 survivors (8192K)
 Metaspace       used 90916K, committed 92800K, reserved 1179648K
  class space    used 12320K, committed 13248K, reserved 1048576K
}
Event: 17.905 GC heap after
{Heap after GC invocations=18 (full 0):
 garbage-first heap   total 265216K, used 137605K [0x0000000080000000, 0x0000000100000000)
  region size 1024K, 16 young (16384K), 16 survivors (16384K)
 Metaspace       used 90916K, committed 92800K, reserved 1179648K
  class space    used 12320K, committed 13248K, reserved 1048576K
}
Event: 19.414 GC heap before
{Heap before GC invocations=18 (full 0):
 garbage-first heap   total 265216K, used 236933K [0x0000000080000000, 0x0000000100000000)
  region size 1024K, 109 young (111616K), 16 survivors (16384K)
 Metaspace       used 98565K, committed 100608K, reserved 1179648K
  class space    used 13334K, committed 14336K, reserved 1048576K
}
Event: 19.443 GC heap after
{Heap after GC invocations=19 (full 0):
 garbage-first heap   total 265216K, used 145866K [0x0000000080000000, 0x0000000100000000)
  region size 1024K, 8 young (8192K), 8 survivors (8192K)
 Metaspace       used 98565K, committed 100608K, reserved 1179648K
  class space    used 13334K, committed 14336K, reserved 1048576K
}
Event: 21.138 GC heap before
{Heap before GC invocations=19 (full 0):
 garbage-first heap   total 265216K, used 239050K [0x0000000080000000, 0x0000000100000000)
  region size 1024K, 99 young (101376K), 8 survivors (8192K)
 Metaspace       used 105792K, committed 107840K, reserved 1179648K
  class space    used 14286K, committed 15296K, reserved 1048576K
}
Event: 21.152 GC heap after
{Heap after GC invocations=20 (full 0):
 garbage-first heap   total 265216K, used 148072K [0x0000000080000000, 0x0000000100000000)
  region size 1024K, 10 young (10240K), 10 survivors (10240K)
 Metaspace       used 105792K, committed 107840K, reserved 1179648K
  class space    used 14286K, committed 15296K, reserved 1048576K
}
Event: 22.799 GC heap before
{Heap before GC invocations=21 (full 0):
 garbage-first heap   total 265216K, used 240232K [0x0000000080000000, 0x0000000100000000)
  region size 1024K, 100 young (102400K), 10 survivors (10240K)
 Metaspace       used 110041K, committed 112192K, reserved 1179648K
  class space    used 14895K, committed 16000K, reserved 1048576K
}
Event: 22.823 GC heap after
{Heap after GC invocations=22 (full 0):
 garbage-first heap   total 265216K, used 154835K [0x0000000080000000, 0x0000000100000000)
  region size 1024K, 10 young (10240K), 10 survivors (10240K)
 Metaspace       used 110041K, committed 112192K, reserved 1179648K
  class space    used 14895K, committed 16000K, reserved 1048576K
}
Event: 24.246 GC heap before
{Heap before GC invocations=22 (full 0):
 garbage-first heap   total 265216K, used 240851K [0x0000000080000000, 0x0000000100000000)
  region size 1024K, 93 young (95232K), 10 survivors (10240K)
 Metaspace       used 116342K, committed 118592K, reserved 1179648K
  class space    used 15920K, committed 17088K, reserved 1048576K
}
Event: 24.270 GC heap after
{Heap after GC invocations=23 (full 0):
 garbage-first heap   total 265216K, used 156205K [0x0000000080000000, 0x0000000100000000)
  region size 1024K, 10 young (10240K), 10 survivors (10240K)
 Metaspace       used 116342K, committed 118592K, reserved 1179648K
  class space    used 15920K, committed 17088K, reserved 1048576K
}
Event: 24.963 GC heap before
{Heap before GC invocations=23 (full 0):
 garbage-first heap   total 265216K, used 186925K [0x0000000080000000, 0x0000000100000000)
  region size 1024K, 41 young (41984K), 10 survivors (10240K)
 Metaspace       used 118666K, committed 120960K, reserved 1179648K
  class space    used 16257K, committed 17408K, reserved 1048576K
}
Event: 24.985 GC heap after
{Heap after GC invocations=24 (full 0):
 garbage-first heap   total 265216K, used 157887K [0x0000000080000000, 0x0000000100000000)
  region size 1024K, 5 young (5120K), 5 survivors (5120K)
 Metaspace       used 118666K, committed 120960K, reserved 1179648K
  class space    used 16257K, committed 17408K, reserved 1048576K
}
Event: 26.129 GC heap before
{Heap before GC invocations=25 (full 0):
 garbage-first heap   total 268288K, used 246975K [0x0000000080000000, 0x0000000100000000)
  region size 1024K, 90 young (92160K), 5 survivors (5120K)
 Metaspace       used 123400K, committed 125696K, reserved 1179648K
  class space    used 16922K, committed 18112K, reserved 1048576K
}
Event: 26.151 GC heap after
{Heap after GC invocations=26 (full 0):
 garbage-first heap   total 268288K, used 165625K [0x0000000080000000, 0x0000000100000000)
  region size 1024K, 11 young (11264K), 11 survivors (11264K)
 Metaspace       used 123400K, committed 125696K, reserved 1179648K
  class space    used 16922K, committed 18112K, reserved 1048576K
}

